[2022-09-29 23:38:15,345] INFO [Broker id=1] Handling LeaderAndIsr request correlationId 1 from controller 3 for 1 partitions (state.change.logger)
[2022-09-29 23:38:15,370] INFO [Broker id=1] Stopped fetchers as part of LeaderAndIsr request correlationId 1 from controller 3 epoch 1 as part of the become-leader transition for 1 partitions (state.change.logger)
[2022-09-29 23:38:15,558] INFO [Broker id=1] Leader 2_0-0 starts at leader epoch 0 from offset 0 with high watermark 0 ISR [1] addingReplicas [] removingReplicas []. Previous leader epoch was -1. (state.change.logger)
[2022-09-29 23:38:15,651] INFO [Broker id=1] Add 1 partitions and deleted 0 partitions from metadata cache in response to UpdateMetadata request sent by controller 3 epoch 1 with correlation id 2 (state.change.logger)
[2022-09-29 23:38:15,656] INFO [Broker id=1] Handling LeaderAndIsr request correlationId 3 from controller 3 for 1 partitions (state.change.logger)
[2022-09-29 23:38:15,658] INFO [Broker id=1] Stopped fetchers as part of LeaderAndIsr request correlationId 3 from controller 3 epoch 1 as part of the become-leader transition for 1 partitions (state.change.logger)
[2022-09-29 23:38:15,671] INFO [Broker id=1] Leader 3_0-0 starts at leader epoch 0 from offset 0 with high watermark 0 ISR [1] addingReplicas [] removingReplicas []. Previous leader epoch was -1. (state.change.logger)
[2022-09-29 23:38:15,709] INFO [Broker id=1] Add 1 partitions and deleted 0 partitions from metadata cache in response to UpdateMetadata request sent by controller 3 epoch 1 with correlation id 4 (state.change.logger)
[2022-09-29 23:38:33,404] INFO [Broker id=1] Handling LeaderAndIsr request correlationId 5 from controller 3 for 50 partitions (state.change.logger)
[2022-09-29 23:38:33,463] INFO [Broker id=1] Stopped fetchers as part of LeaderAndIsr request correlationId 5 from controller 3 epoch 1 as part of the become-leader transition for 17 partitions (state.change.logger)
[2022-09-29 23:38:33,471] INFO [Broker id=1] Leader __consumer_offsets-3 starts at leader epoch 0 from offset 0 with high watermark 0 ISR [1,2,3] addingReplicas [] removingReplicas []. Previous leader epoch was -1. (state.change.logger)
[2022-09-29 23:38:33,496] INFO [Broker id=1] Leader __consumer_offsets-18 starts at leader epoch 0 from offset 0 with high watermark 0 ISR [1,3,2] addingReplicas [] removingReplicas []. Previous leader epoch was -1. (state.change.logger)
[2022-09-29 23:38:33,529] INFO [Broker id=1] Leader __consumer_offsets-39 starts at leader epoch 0 from offset 0 with high watermark 0 ISR [1,2,3] addingReplicas [] removingReplicas []. Previous leader epoch was -1. (state.change.logger)
[2022-09-29 23:38:33,552] INFO [Broker id=1] Leader __consumer_offsets-9 starts at leader epoch 0 from offset 0 with high watermark 0 ISR [1,2,3] addingReplicas [] removingReplicas []. Previous leader epoch was -1. (state.change.logger)
[2022-09-29 23:38:33,586] INFO [Broker id=1] Leader __consumer_offsets-24 starts at leader epoch 0 from offset 0 with high watermark 0 ISR [1,3,2] addingReplicas [] removingReplicas []. Previous leader epoch was -1. (state.change.logger)
[2022-09-29 23:38:33,610] INFO [Broker id=1] Leader __consumer_offsets-27 starts at leader epoch 0 from offset 0 with high watermark 0 ISR [1,2,3] addingReplicas [] removingReplicas []. Previous leader epoch was -1. (state.change.logger)
[2022-09-29 23:38:33,644] INFO [Broker id=1] Leader __consumer_offsets-42 starts at leader epoch 0 from offset 0 with high watermark 0 ISR [1,3,2] addingReplicas [] removingReplicas []. Previous leader epoch was -1. (state.change.logger)
[2022-09-29 23:38:33,667] INFO [Broker id=1] Leader __consumer_offsets-12 starts at leader epoch 0 from offset 0 with high watermark 0 ISR [1,3,2] addingReplicas [] removingReplicas []. Previous leader epoch was -1. (state.change.logger)
[2022-09-29 23:38:33,703] INFO [Broker id=1] Leader __consumer_offsets-33 starts at leader epoch 0 from offset 0 with high watermark 0 ISR [1,2,3] addingReplicas [] removingReplicas []. Previous leader epoch was -1. (state.change.logger)
[2022-09-29 23:38:33,748] INFO [Broker id=1] Leader __consumer_offsets-48 starts at leader epoch 0 from offset 0 with high watermark 0 ISR [1,3,2] addingReplicas [] removingReplicas []. Previous leader epoch was -1. (state.change.logger)
[2022-09-29 23:38:33,782] INFO [Broker id=1] Leader __consumer_offsets-21 starts at leader epoch 0 from offset 0 with high watermark 0 ISR [1,2,3] addingReplicas [] removingReplicas []. Previous leader epoch was -1. (state.change.logger)
[2022-09-29 23:38:33,840] INFO [Broker id=1] Leader __consumer_offsets-36 starts at leader epoch 0 from offset 0 with high watermark 0 ISR [1,3,2] addingReplicas [] removingReplicas []. Previous leader epoch was -1. (state.change.logger)
[2022-09-29 23:38:33,885] INFO [Broker id=1] Leader __consumer_offsets-6 starts at leader epoch 0 from offset 0 with high watermark 0 ISR [1,3,2] addingReplicas [] removingReplicas []. Previous leader epoch was -1. (state.change.logger)
[2022-09-29 23:38:33,919] INFO [Broker id=1] Leader __consumer_offsets-45 starts at leader epoch 0 from offset 0 with high watermark 0 ISR [1,2,3] addingReplicas [] removingReplicas []. Previous leader epoch was -1. (state.change.logger)
[2022-09-29 23:38:33,942] INFO [Broker id=1] Leader __consumer_offsets-15 starts at leader epoch 0 from offset 0 with high watermark 0 ISR [1,2,3] addingReplicas [] removingReplicas []. Previous leader epoch was -1. (state.change.logger)
[2022-09-29 23:38:33,999] INFO [Broker id=1] Leader __consumer_offsets-30 starts at leader epoch 0 from offset 0 with high watermark 0 ISR [1,3,2] addingReplicas [] removingReplicas []. Previous leader epoch was -1. (state.change.logger)
[2022-09-29 23:38:34,041] INFO [Broker id=1] Leader __consumer_offsets-0 starts at leader epoch 0 from offset 0 with high watermark 0 ISR [1,3,2] addingReplicas [] removingReplicas []. Previous leader epoch was -1. (state.change.logger)
[2022-09-29 23:38:34,096] INFO [Broker id=1] Follower __consumer_offsets-37 starts at leader epoch 0 from offset 0 with high watermark 0. Previous leader epoch was -1. (state.change.logger)
[2022-09-29 23:38:34,103] INFO [Broker id=1] Follower __consumer_offsets-7 starts at leader epoch 0 from offset 0 with high watermark 0. Previous leader epoch was -1. (state.change.logger)
[2022-09-29 23:38:34,109] INFO [Broker id=1] Follower __consumer_offsets-22 starts at leader epoch 0 from offset 0 with high watermark 0. Previous leader epoch was -1. (state.change.logger)
[2022-09-29 23:38:34,113] INFO [Broker id=1] Follower __consumer_offsets-41 starts at leader epoch 0 from offset 0 with high watermark 0. Previous leader epoch was -1. (state.change.logger)
[2022-09-29 23:38:34,118] INFO [Broker id=1] Follower __consumer_offsets-10 starts at leader epoch 0 from offset 0 with high watermark 0. Previous leader epoch was -1. (state.change.logger)
[2022-09-29 23:38:34,123] INFO [Broker id=1] Follower __consumer_offsets-29 starts at leader epoch 0 from offset 0 with high watermark 0. Previous leader epoch was -1. (state.change.logger)
[2022-09-29 23:38:34,127] INFO [Broker id=1] Follower __consumer_offsets-44 starts at leader epoch 0 from offset 0 with high watermark 0. Previous leader epoch was -1. (state.change.logger)
[2022-09-29 23:38:34,131] INFO [Broker id=1] Follower __consumer_offsets-14 starts at leader epoch 0 from offset 0 with high watermark 0. Previous leader epoch was -1. (state.change.logger)
[2022-09-29 23:38:34,135] INFO [Broker id=1] Follower __consumer_offsets-19 starts at leader epoch 0 from offset 0 with high watermark 0. Previous leader epoch was -1. (state.change.logger)
[2022-09-29 23:38:34,139] INFO [Broker id=1] Follower __consumer_offsets-34 starts at leader epoch 0 from offset 0 with high watermark 0. Previous leader epoch was -1. (state.change.logger)
[2022-09-29 23:38:34,143] INFO [Broker id=1] Follower __consumer_offsets-4 starts at leader epoch 0 from offset 0 with high watermark 0. Previous leader epoch was -1. (state.change.logger)
[2022-09-29 23:38:34,147] INFO [Broker id=1] Follower __consumer_offsets-23 starts at leader epoch 0 from offset 0 with high watermark 0. Previous leader epoch was -1. (state.change.logger)
[2022-09-29 23:38:34,150] INFO [Broker id=1] Follower __consumer_offsets-38 starts at leader epoch 0 from offset 0 with high watermark 0. Previous leader epoch was -1. (state.change.logger)
[2022-09-29 23:38:34,154] INFO [Broker id=1] Follower __consumer_offsets-8 starts at leader epoch 0 from offset 0 with high watermark 0. Previous leader epoch was -1. (state.change.logger)
[2022-09-29 23:38:34,158] INFO [Broker id=1] Follower __consumer_offsets-11 starts at leader epoch 0 from offset 0 with high watermark 0. Previous leader epoch was -1. (state.change.logger)
[2022-09-29 23:38:34,162] INFO [Broker id=1] Follower __consumer_offsets-26 starts at leader epoch 0 from offset 0 with high watermark 0. Previous leader epoch was -1. (state.change.logger)
[2022-09-29 23:38:34,166] INFO [Broker id=1] Follower __consumer_offsets-49 starts at leader epoch 0 from offset 0 with high watermark 0. Previous leader epoch was -1. (state.change.logger)
[2022-09-29 23:38:34,169] INFO [Broker id=1] Follower __consumer_offsets-35 starts at leader epoch 0 from offset 0 with high watermark 0. Previous leader epoch was -1. (state.change.logger)
[2022-09-29 23:38:34,172] INFO [Broker id=1] Follower __consumer_offsets-5 starts at leader epoch 0 from offset 0 with high watermark 0. Previous leader epoch was -1. (state.change.logger)
[2022-09-29 23:38:34,176] INFO [Broker id=1] Follower __consumer_offsets-20 starts at leader epoch 0 from offset 0 with high watermark 0. Previous leader epoch was -1. (state.change.logger)
[2022-09-29 23:38:34,179] INFO [Broker id=1] Follower __consumer_offsets-31 starts at leader epoch 0 from offset 0 with high watermark 0. Previous leader epoch was -1. (state.change.logger)
[2022-09-29 23:38:34,183] INFO [Broker id=1] Follower __consumer_offsets-46 starts at leader epoch 0 from offset 0 with high watermark 0. Previous leader epoch was -1. (state.change.logger)
[2022-09-29 23:38:34,187] INFO [Broker id=1] Follower __consumer_offsets-1 starts at leader epoch 0 from offset 0 with high watermark 0. Previous leader epoch was -1. (state.change.logger)
[2022-09-29 23:38:34,190] INFO [Broker id=1] Follower __consumer_offsets-16 starts at leader epoch 0 from offset 0 with high watermark 0. Previous leader epoch was -1. (state.change.logger)
[2022-09-29 23:38:34,194] INFO [Broker id=1] Follower __consumer_offsets-2 starts at leader epoch 0 from offset 0 with high watermark 0. Previous leader epoch was -1. (state.change.logger)
[2022-09-29 23:38:34,198] INFO [Broker id=1] Follower __consumer_offsets-25 starts at leader epoch 0 from offset 0 with high watermark 0. Previous leader epoch was -1. (state.change.logger)
[2022-09-29 23:38:34,202] INFO [Broker id=1] Follower __consumer_offsets-40 starts at leader epoch 0 from offset 0 with high watermark 0. Previous leader epoch was -1. (state.change.logger)
[2022-09-29 23:38:34,205] INFO [Broker id=1] Follower __consumer_offsets-43 starts at leader epoch 0 from offset 0 with high watermark 0. Previous leader epoch was -1. (state.change.logger)
[2022-09-29 23:38:34,209] INFO [Broker id=1] Follower __consumer_offsets-13 starts at leader epoch 0 from offset 0 with high watermark 0. Previous leader epoch was -1. (state.change.logger)
[2022-09-29 23:38:34,213] INFO [Broker id=1] Follower __consumer_offsets-28 starts at leader epoch 0 from offset 0 with high watermark 0. Previous leader epoch was -1. (state.change.logger)
[2022-09-29 23:38:34,217] INFO [Broker id=1] Follower __consumer_offsets-47 starts at leader epoch 0 from offset 0 with high watermark 0. Previous leader epoch was -1. (state.change.logger)
[2022-09-29 23:38:34,220] INFO [Broker id=1] Follower __consumer_offsets-17 starts at leader epoch 0 from offset 0 with high watermark 0. Previous leader epoch was -1. (state.change.logger)
[2022-09-29 23:38:34,224] INFO [Broker id=1] Follower __consumer_offsets-32 starts at leader epoch 0 from offset 0 with high watermark 0. Previous leader epoch was -1. (state.change.logger)
[2022-09-29 23:38:34,226] INFO [Broker id=1] Stopped fetchers as part of become-follower request from controller 3 epoch 1 with correlation id 5 for 33 partitions (state.change.logger)
[2022-09-29 23:38:34,297] INFO [Broker id=1] Add 50 partitions and deleted 0 partitions from metadata cache in response to UpdateMetadata request sent by controller 3 epoch 1 with correlation id 6 (state.change.logger)
[2022-09-29 23:41:56,011] INFO [Broker id=1] Handling LeaderAndIsr request correlationId 7 from controller 3 for 17 partitions (state.change.logger)
[2022-09-29 23:41:56,013] INFO [Broker id=1] Stopped fetchers as part of LeaderAndIsr request correlationId 7 from controller 3 epoch 1 as part of the become-leader transition for 9 partitions (state.change.logger)
[2022-09-29 23:41:56,014] INFO [Broker id=1] Leader __consumer_offsets-19 starts at leader epoch 1 from offset 0 with high watermark 0 ISR [1,3] addingReplicas [] removingReplicas []. Previous leader epoch was 0. (state.change.logger)
[2022-09-29 23:41:56,036] INFO [Broker id=1] Leader __consumer_offsets-37 starts at leader epoch 1 from offset 0 with high watermark 0 ISR [1,3] addingReplicas [] removingReplicas []. Previous leader epoch was 0. (state.change.logger)
[2022-09-29 23:41:56,070] INFO [Broker id=1] Leader __consumer_offsets-7 starts at leader epoch 1 from offset 0 with high watermark 0 ISR [1,3] addingReplicas [] removingReplicas []. Previous leader epoch was 0. (state.change.logger)
[2022-09-29 23:41:56,115] INFO [Broker id=1] Leader __consumer_offsets-25 starts at leader epoch 1 from offset 0 with high watermark 0 ISR [1,3] addingReplicas [] removingReplicas []. Previous leader epoch was 0. (state.change.logger)
[2022-09-29 23:41:56,150] INFO [Broker id=1] Leader __consumer_offsets-43 starts at leader epoch 1 from offset 0 with high watermark 0 ISR [1,3] addingReplicas [] removingReplicas []. Previous leader epoch was 0. (state.change.logger)
[2022-09-29 23:41:56,195] INFO [Broker id=1] Leader __consumer_offsets-13 starts at leader epoch 1 from offset 0 with high watermark 0 ISR [1,3] addingReplicas [] removingReplicas []. Previous leader epoch was 0. (state.change.logger)
[2022-09-29 23:41:56,218] INFO [Broker id=1] Leader __consumer_offsets-31 starts at leader epoch 1 from offset 0 with high watermark 0 ISR [1,3] addingReplicas [] removingReplicas []. Previous leader epoch was 0. (state.change.logger)
[2022-09-29 23:41:56,241] INFO [Broker id=1] Leader __consumer_offsets-1 starts at leader epoch 1 from offset 0 with high watermark 0 ISR [1,3] addingReplicas [] removingReplicas []. Previous leader epoch was 0. (state.change.logger)
[2022-09-29 23:41:56,365] INFO [Broker id=1] Leader __consumer_offsets-49 starts at leader epoch 1 from offset 0 with high watermark 0 ISR [1,3] addingReplicas [] removingReplicas []. Previous leader epoch was 0. (state.change.logger)
[2022-09-29 23:41:56,411] INFO [Broker id=1] Follower __consumer_offsets-34 starts at leader epoch 1 from offset 0 with high watermark 0. Previous leader epoch was 0. (state.change.logger)
[2022-09-29 23:41:56,411] INFO [Broker id=1] Follower __consumer_offsets-4 starts at leader epoch 1 from offset 0 with high watermark 0. Previous leader epoch was 0. (state.change.logger)
[2022-09-29 23:41:56,412] INFO [Broker id=1] Follower __consumer_offsets-22 starts at leader epoch 1 from offset 0 with high watermark 0. Previous leader epoch was 0. (state.change.logger)
[2022-09-29 23:41:56,412] INFO [Broker id=1] Follower __consumer_offsets-40 starts at leader epoch 1 from offset 0 with high watermark 0. Previous leader epoch was 0. (state.change.logger)
[2022-09-29 23:41:56,412] INFO [Broker id=1] Follower __consumer_offsets-10 starts at leader epoch 1 from offset 0 with high watermark 0. Previous leader epoch was 0. (state.change.logger)
[2022-09-29 23:41:56,413] INFO [Broker id=1] Follower __consumer_offsets-28 starts at leader epoch 1 from offset 0 with high watermark 0. Previous leader epoch was 0. (state.change.logger)
[2022-09-29 23:41:56,413] INFO [Broker id=1] Follower __consumer_offsets-46 starts at leader epoch 1 from offset 0 with high watermark 0. Previous leader epoch was 0. (state.change.logger)
[2022-09-29 23:41:56,414] INFO [Broker id=1] Follower __consumer_offsets-16 starts at leader epoch 1 from offset 0 with high watermark 0. Previous leader epoch was 0. (state.change.logger)
[2022-09-29 23:41:56,416] INFO [Broker id=1] Stopped fetchers as part of become-follower request from controller 3 epoch 1 with correlation id 7 for 8 partitions (state.change.logger)
[2022-09-29 23:41:56,445] INFO [Broker id=1] Add 17 partitions and deleted 0 partitions from metadata cache in response to UpdateMetadata request sent by controller 3 epoch 1 with correlation id 8 (state.change.logger)
[2022-09-29 23:41:56,449] INFO [Broker id=1] Handling LeaderAndIsr request correlationId 9 from controller 3 for 33 partitions (state.change.logger)
[2022-09-29 23:41:56,453] INFO [Broker id=1] Stopped fetchers as part of LeaderAndIsr request correlationId 9 from controller 3 epoch 1 as part of the become-leader transition for 17 partitions (state.change.logger)
[2022-09-29 23:41:56,453] INFO [Broker id=1] Leader __consumer_offsets-3 starts at leader epoch 1 from offset 2 with high watermark 2 ISR [1,3] addingReplicas [] removingReplicas []. Previous leader epoch was 0. (state.change.logger)
[2022-09-29 23:41:56,479] INFO [Broker id=1] Skipped the become-leader state change after marking its partition as leader with correlation id 9 from controller 3 epoch 1 for partition __consumer_offsets-3 (last update controller epoch 1) since it is already the leader for the partition. (state.change.logger)
[2022-09-29 23:41:56,480] INFO [Broker id=1] Leader __consumer_offsets-18 starts at leader epoch 1 from offset 0 with high watermark 0 ISR [1,3] addingReplicas [] removingReplicas []. Previous leader epoch was 0. (state.change.logger)
[2022-09-29 23:41:56,499] INFO [Broker id=1] Skipped the become-leader state change after marking its partition as leader with correlation id 9 from controller 3 epoch 1 for partition __consumer_offsets-18 (last update controller epoch 1) since it is already the leader for the partition. (state.change.logger)
[2022-09-29 23:41:56,500] INFO [Broker id=1] Leader __consumer_offsets-39 starts at leader epoch 1 from offset 0 with high watermark 0 ISR [1,3] addingReplicas [] removingReplicas []. Previous leader epoch was 0. (state.change.logger)
[2022-09-29 23:41:56,522] INFO [Broker id=1] Skipped the become-leader state change after marking its partition as leader with correlation id 9 from controller 3 epoch 1 for partition __consumer_offsets-39 (last update controller epoch 1) since it is already the leader for the partition. (state.change.logger)
[2022-09-29 23:41:56,523] INFO [Broker id=1] Leader __consumer_offsets-9 starts at leader epoch 1 from offset 0 with high watermark 0 ISR [1,3] addingReplicas [] removingReplicas []. Previous leader epoch was 0. (state.change.logger)
[2022-09-29 23:41:56,547] INFO [Broker id=1] Skipped the become-leader state change after marking its partition as leader with correlation id 9 from controller 3 epoch 1 for partition __consumer_offsets-9 (last update controller epoch 1) since it is already the leader for the partition. (state.change.logger)
[2022-09-29 23:41:56,547] INFO [Broker id=1] Leader __consumer_offsets-24 starts at leader epoch 1 from offset 0 with high watermark 0 ISR [1,3] addingReplicas [] removingReplicas []. Previous leader epoch was 0. (state.change.logger)
[2022-09-29 23:41:56,570] INFO [Broker id=1] Skipped the become-leader state change after marking its partition as leader with correlation id 9 from controller 3 epoch 1 for partition __consumer_offsets-24 (last update controller epoch 1) since it is already the leader for the partition. (state.change.logger)
[2022-09-29 23:41:56,570] INFO [Broker id=1] Leader __consumer_offsets-27 starts at leader epoch 1 from offset 0 with high watermark 0 ISR [1,3] addingReplicas [] removingReplicas []. Previous leader epoch was 0. (state.change.logger)
[2022-09-29 23:41:56,593] INFO [Broker id=1] Skipped the become-leader state change after marking its partition as leader with correlation id 9 from controller 3 epoch 1 for partition __consumer_offsets-27 (last update controller epoch 1) since it is already the leader for the partition. (state.change.logger)
[2022-09-29 23:41:56,593] INFO [Broker id=1] Leader __consumer_offsets-42 starts at leader epoch 1 from offset 0 with high watermark 0 ISR [1,3] addingReplicas [] removingReplicas []. Previous leader epoch was 0. (state.change.logger)
[2022-09-29 23:41:56,616] INFO [Broker id=1] Skipped the become-leader state change after marking its partition as leader with correlation id 9 from controller 3 epoch 1 for partition __consumer_offsets-42 (last update controller epoch 1) since it is already the leader for the partition. (state.change.logger)
[2022-09-29 23:41:56,617] INFO [Broker id=1] Leader __consumer_offsets-12 starts at leader epoch 1 from offset 0 with high watermark 0 ISR [1,3] addingReplicas [] removingReplicas []. Previous leader epoch was 0. (state.change.logger)
[2022-09-29 23:41:56,639] INFO [Broker id=1] Skipped the become-leader state change after marking its partition as leader with correlation id 9 from controller 3 epoch 1 for partition __consumer_offsets-12 (last update controller epoch 1) since it is already the leader for the partition. (state.change.logger)
[2022-09-29 23:41:56,639] INFO [Broker id=1] Leader __consumer_offsets-33 starts at leader epoch 1 from offset 0 with high watermark 0 ISR [1,3] addingReplicas [] removingReplicas []. Previous leader epoch was 0. (state.change.logger)
[2022-09-29 23:41:56,662] INFO [Broker id=1] Skipped the become-leader state change after marking its partition as leader with correlation id 9 from controller 3 epoch 1 for partition __consumer_offsets-33 (last update controller epoch 1) since it is already the leader for the partition. (state.change.logger)
[2022-09-29 23:41:56,663] INFO [Broker id=1] Leader __consumer_offsets-48 starts at leader epoch 1 from offset 0 with high watermark 0 ISR [1,3] addingReplicas [] removingReplicas []. Previous leader epoch was 0. (state.change.logger)
[2022-09-29 23:41:56,684] INFO [Broker id=1] Skipped the become-leader state change after marking its partition as leader with correlation id 9 from controller 3 epoch 1 for partition __consumer_offsets-48 (last update controller epoch 1) since it is already the leader for the partition. (state.change.logger)
[2022-09-29 23:41:56,685] INFO [Broker id=1] Leader __consumer_offsets-21 starts at leader epoch 1 from offset 0 with high watermark 0 ISR [1,3] addingReplicas [] removingReplicas []. Previous leader epoch was 0. (state.change.logger)
[2022-09-29 23:41:56,707] INFO [Broker id=1] Skipped the become-leader state change after marking its partition as leader with correlation id 9 from controller 3 epoch 1 for partition __consumer_offsets-21 (last update controller epoch 1) since it is already the leader for the partition. (state.change.logger)
[2022-09-29 23:41:56,708] INFO [Broker id=1] Leader __consumer_offsets-36 starts at leader epoch 1 from offset 0 with high watermark 0 ISR [1,3] addingReplicas [] removingReplicas []. Previous leader epoch was 0. (state.change.logger)
[2022-09-29 23:41:56,730] INFO [Broker id=1] Skipped the become-leader state change after marking its partition as leader with correlation id 9 from controller 3 epoch 1 for partition __consumer_offsets-36 (last update controller epoch 1) since it is already the leader for the partition. (state.change.logger)
[2022-09-29 23:41:56,731] INFO [Broker id=1] Leader __consumer_offsets-6 starts at leader epoch 1 from offset 0 with high watermark 0 ISR [1,3] addingReplicas [] removingReplicas []. Previous leader epoch was 0. (state.change.logger)
[2022-09-29 23:41:56,753] INFO [Broker id=1] Skipped the become-leader state change after marking its partition as leader with correlation id 9 from controller 3 epoch 1 for partition __consumer_offsets-6 (last update controller epoch 1) since it is already the leader for the partition. (state.change.logger)
[2022-09-29 23:41:56,753] INFO [Broker id=1] Leader __consumer_offsets-45 starts at leader epoch 1 from offset 0 with high watermark 0 ISR [1,3] addingReplicas [] removingReplicas []. Previous leader epoch was 0. (state.change.logger)
[2022-09-29 23:41:56,776] INFO [Broker id=1] Skipped the become-leader state change after marking its partition as leader with correlation id 9 from controller 3 epoch 1 for partition __consumer_offsets-45 (last update controller epoch 1) since it is already the leader for the partition. (state.change.logger)
[2022-09-29 23:41:56,776] INFO [Broker id=1] Leader __consumer_offsets-15 starts at leader epoch 1 from offset 0 with high watermark 0 ISR [1,3] addingReplicas [] removingReplicas []. Previous leader epoch was 0. (state.change.logger)
[2022-09-29 23:41:56,798] INFO [Broker id=1] Skipped the become-leader state change after marking its partition as leader with correlation id 9 from controller 3 epoch 1 for partition __consumer_offsets-15 (last update controller epoch 1) since it is already the leader for the partition. (state.change.logger)
[2022-09-29 23:41:56,799] INFO [Broker id=1] Leader __consumer_offsets-30 starts at leader epoch 1 from offset 0 with high watermark 0 ISR [1,3] addingReplicas [] removingReplicas []. Previous leader epoch was 0. (state.change.logger)
[2022-09-29 23:41:56,821] INFO [Broker id=1] Skipped the become-leader state change after marking its partition as leader with correlation id 9 from controller 3 epoch 1 for partition __consumer_offsets-30 (last update controller epoch 1) since it is already the leader for the partition. (state.change.logger)
[2022-09-29 23:41:56,821] INFO [Broker id=1] Leader __consumer_offsets-0 starts at leader epoch 1 from offset 0 with high watermark 0 ISR [1,3] addingReplicas [] removingReplicas []. Previous leader epoch was 0. (state.change.logger)
[2022-09-29 23:41:56,844] INFO [Broker id=1] Skipped the become-leader state change after marking its partition as leader with correlation id 9 from controller 3 epoch 1 for partition __consumer_offsets-0 (last update controller epoch 1) since it is already the leader for the partition. (state.change.logger)
[2022-09-29 23:41:56,844] INFO [Broker id=1] Follower __consumer_offsets-35 starts at leader epoch 1 from offset 0 with high watermark 0. Previous leader epoch was 0. (state.change.logger)
[2022-09-29 23:41:56,845] INFO [Broker id=1] Follower __consumer_offsets-5 starts at leader epoch 1 from offset 0 with high watermark 0. Previous leader epoch was 0. (state.change.logger)
[2022-09-29 23:41:56,845] INFO [Broker id=1] Follower __consumer_offsets-20 starts at leader epoch 1 from offset 0 with high watermark 0. Previous leader epoch was 0. (state.change.logger)
[2022-09-29 23:41:56,845] INFO [Broker id=1] Follower __consumer_offsets-41 starts at leader epoch 1 from offset 0 with high watermark 0. Previous leader epoch was 0. (state.change.logger)
[2022-09-29 23:41:56,845] INFO [Broker id=1] Follower __consumer_offsets-29 starts at leader epoch 1 from offset 0 with high watermark 0. Previous leader epoch was 0. (state.change.logger)
[2022-09-29 23:41:56,846] INFO [Broker id=1] Follower __consumer_offsets-44 starts at leader epoch 1 from offset 0 with high watermark 0. Previous leader epoch was 0. (state.change.logger)
[2022-09-29 23:41:56,846] INFO [Broker id=1] Follower __consumer_offsets-14 starts at leader epoch 1 from offset 0 with high watermark 0. Previous leader epoch was 0. (state.change.logger)
[2022-09-29 23:41:56,846] INFO [Broker id=1] Follower __consumer_offsets-2 starts at leader epoch 1 from offset 0 with high watermark 0. Previous leader epoch was 0. (state.change.logger)
[2022-09-29 23:41:56,847] INFO [Broker id=1] Follower __consumer_offsets-23 starts at leader epoch 1 from offset 0 with high watermark 0. Previous leader epoch was 0. (state.change.logger)
[2022-09-29 23:41:56,847] INFO [Broker id=1] Follower __consumer_offsets-38 starts at leader epoch 1 from offset 0 with high watermark 0. Previous leader epoch was 0. (state.change.logger)
[2022-09-29 23:41:56,847] INFO [Broker id=1] Follower __consumer_offsets-8 starts at leader epoch 1 from offset 0 with high watermark 0. Previous leader epoch was 0. (state.change.logger)
[2022-09-29 23:41:56,848] INFO [Broker id=1] Follower __consumer_offsets-11 starts at leader epoch 1 from offset 0 with high watermark 0. Previous leader epoch was 0. (state.change.logger)
[2022-09-29 23:41:56,848] INFO [Broker id=1] Follower __consumer_offsets-26 starts at leader epoch 1 from offset 0 with high watermark 0. Previous leader epoch was 0. (state.change.logger)
[2022-09-29 23:41:56,848] INFO [Broker id=1] Follower __consumer_offsets-47 starts at leader epoch 1 from offset 0 with high watermark 0. Previous leader epoch was 0. (state.change.logger)
[2022-09-29 23:41:56,848] INFO [Broker id=1] Follower __consumer_offsets-17 starts at leader epoch 1 from offset 0 with high watermark 0. Previous leader epoch was 0. (state.change.logger)
[2022-09-29 23:41:56,849] INFO [Broker id=1] Follower __consumer_offsets-32 starts at leader epoch 1 from offset 0 with high watermark 0. Previous leader epoch was 0. (state.change.logger)
[2022-09-29 23:41:56,850] INFO [Broker id=1] Stopped fetchers as part of become-follower request from controller 3 epoch 1 with correlation id 9 for 16 partitions (state.change.logger)
